Build started 14/11/2013 17:15:54.
     1>Project "C:\C_ImportantStuffUnited\_DAE_\3DAE_GD_13\Portefolio\EmileS_SpaceGame\SFML_emile.vcxproj" on node 2 (Build target(s)).
     1>ClCompile:
         C:\Program Files (x86)\Microsoft Visual Studio 11.0\VC\bin\x86_amd64\CL.exe /c /I"D:\groteFolders\GeekStuff\SFML-2.1\include" /Zi /nologo /W3 /WX- /O2 /Oi /GL /D WIN32 /D NDEBUG /D _CONSOLE /D _UNICODE /D UNICODE /Gm- /EHsc /MD /GS /Gy /fp:precise /Zc:wchar_t /Zc:forScope /Fo"x64\Release\\" /Fd"x64\Release\vc110.pdb" /Gd /TP /errorReport:prompt Box2D_v2.2.1\Box2D\Collision\b2BroadPhase.cpp Box2D_v2.2.1\Box2D\Collision\b2CollideCircle.cpp Box2D_v2.2.1\Box2D\Collision\b2CollideEdge.cpp Box2D_v2.2.1\Box2D\Collision\b2CollidePolygon.cpp Box2D_v2.2.1\Box2D\Collision\b2Collision.cpp Box2D_v2.2.1\Box2D\Collision\b2Distance.cpp Box2D_v2.2.1\Box2D\Collision\b2DynamicTree.cpp Box2D_v2.2.1\Box2D\Collision\b2TimeOfImpact.cpp Box2D_v2.2.1\Box2D\Collision\Shapes\b2ChainShape.cpp Box2D_v2.2.1\Box2D\Collision\Shapes\b2CircleShape.cpp Box2D_v2.2.1\Box2D\Collision\Shapes\b2EdgeShape.cpp Box2D_v2.2.1\Box2D\Collision\Shapes\b2PolygonShape.cpp Box2D_v2.2.1\Box2D\Common\b2BlockAllocator.cpp Box2D_v2.2.1\Box2D\Common\b2Draw.cpp Box2D_v2.2.1\Box2D\Common\b2Math.cpp Box2D_v2.2.1\Box2D\Common\b2Settings.cpp Box2D_v2.2.1\Box2D\Common\b2StackAllocator.cpp Box2D_v2.2.1\Box2D\Common\b2Timer.cpp Box2D_v2.2.1\Box2D\Dynamics\b2Body.cpp Box2D_v2.2.1\Box2D\Dynamics\b2ContactManager.cpp Box2D_v2.2.1\Box2D\Dynamics\b2Fixture.cpp Box2D_v2.2.1\Box2D\Dynamics\b2Island.cpp Box2D_v2.2.1\Box2D\Dynamics\b2World.cpp Box2D_v2.2.1\Box2D\Dynamics\b2WorldCallbacks.cpp Box2D_v2.2.1\Box2D\Dynamics\Contacts\b2ChainAndCircleContact.cpp Box2D_v2.2.1\Box2D\Dynamics\Contacts\b2ChainAndPolygonContact.cpp Box2D_v2.2.1\Box2D\Dynamics\Contacts\b2CircleContact.cpp Box2D_v2.2.1\Box2D\Dynamics\Contacts\b2Contact.cpp Box2D_v2.2.1\Box2D\Dynamics\Contacts\b2ContactSolver.cpp Box2D_v2.2.1\Box2D\Dynamics\Contacts\b2EdgeAndCircleContact.cpp Box2D_v2.2.1\Box2D\Dynamics\Contacts\b2EdgeAndPolygonContact.cpp Box2D_v2.2.1\Box2D\Dynamics\Contacts\b2PolygonAndCircleContact.cpp Box2D_v2.2.1\Box2D\Dynamics\Contacts\b2PolygonContact.cpp Box2D_v2.2.1\Box2D\Dynamics\Joints\b2DistanceJoint.cpp Box2D_v2.2.1\Box2D\Dynamics\Joints\b2FrictionJoint.cpp Box2D_v2.2.1\Box2D\Dynamics\Joints\b2GearJoint.cpp Box2D_v2.2.1\Box2D\Dynamics\Joints\b2Joint.cpp Box2D_v2.2.1\Box2D\Dynamics\Joints\b2MouseJoint.cpp Box2D_v2.2.1\Box2D\Dynamics\Joints\b2PrismaticJoint.cpp Box2D_v2.2.1\Box2D\Dynamics\Joints\b2PulleyJoint.cpp Box2D_v2.2.1\Box2D\Dynamics\Joints\b2RevoluteJoint.cpp Box2D_v2.2.1\Box2D\Dynamics\Joints\b2RopeJoint.cpp Box2D_v2.2.1\Box2D\Dynamics\Joints\b2WeldJoint.cpp Box2D_v2.2.1\Box2D\Dynamics\Joints\b2WheelJoint.cpp Box2D_v2.2.1\Box2D\Rope\b2Rope.cpp source\Ball.cpp source\Bullet.cpp source\main.cpp source\Player.cpp source\sltn.cpp
         b2BroadPhase.cpp
         b2CollideCircle.cpp
         b2CollideEdge.cpp
         b2CollidePolygon.cpp
         b2Collision.cpp
         b2Distance.cpp
         b2DynamicTree.cpp
         b2TimeOfImpact.cpp
         b2ChainShape.cpp
         b2CircleShape.cpp
         b2EdgeShape.cpp
         b2PolygonShape.cpp
         b2BlockAllocator.cpp
         b2Draw.cpp
         b2Math.cpp
         b2Settings.cpp
         b2StackAllocator.cpp
         b2Timer.cpp
         b2Body.cpp
         b2ContactManager.cpp
         Compiling...
         b2Fixture.cpp
         b2Island.cpp
         b2World.cpp
         b2WorldCallbacks.cpp
         b2ChainAndCircleContact.cpp
         b2ChainAndPolygonContact.cpp
         b2CircleContact.cpp
         b2Contact.cpp
         b2ContactSolver.cpp
         b2EdgeAndCircleContact.cpp
         b2EdgeAndPolygonContact.cpp
         b2PolygonAndCircleContact.cpp
         b2PolygonContact.cpp
         b2DistanceJoint.cpp
         b2FrictionJoint.cpp
         b2GearJoint.cpp
         b2Joint.cpp
         b2MouseJoint.cpp
         b2PrismaticJoint.cpp
         b2PulleyJoint.cpp
         Compiling...
         b2RevoluteJoint.cpp
         b2RopeJoint.cpp
         b2WeldJoint.cpp
         b2WheelJoint.cpp
         b2Rope.cpp
         Ball.cpp
     1>source\Ball.cpp(51): warning C4244: 'argument' : conversion from 'unsigned int' to 'float', possible loss of data
         Bullet.cpp
     1>source\Bullet.cpp(48): warning C4244: 'argument' : conversion from 'unsigned int' to 'float', possible loss of data
         main.cpp
         Player.cpp
         sltn.cpp
       Link:
         C:\Program Files (x86)\Microsoft Visual Studio 11.0\VC\bin\x86_amd64\link.exe /ERRORREPORT:PROMPT /OUT:"C:\C_ImportantStuffUnited\_DAE_\3DAE_GD_13\Portefolio\EmileS_SpaceGame\SFML_emile_release.exe" /INCREMENTAL:NO /NOLOGO /LIBPATH:".\SFML-2.1\lib" "sfml-graphics.lib" "sfml-window.lib" "sfml-system.lib" kernel32.lib user32.lib gdi32.lib winspool.lib comdlg32.lib advapi32.lib shell32.lib ole32.lib oleaut32.lib uuid.lib odbc32.lib odbccp32.lib /MANIFEST /MANIFESTUAC:"level='asInvoker' uiAccess='false'" /manifest:embed /DEBUG /PDB:"C:\C_ImportantStuffUnited\_DAE_\3DAE_GD_13\Portefolio\EmileS_SpaceGame\SFML_emile_release.pdb" /SUBSYSTEM:CONSOLE /OPT:REF /OPT:ICF /LTCG /TLBID:1 /DYNAMICBASE /NXCOMPAT /IMPLIB:"C:\C_ImportantStuffUnited\_DAE_\3DAE_GD_13\Portefolio\EmileS_SpaceGame\SFML_emile_release.lib" /MACHINE:X64 x64\Release\b2BroadPhase.obj
         x64\Release\b2CollideCircle.obj
         x64\Release\b2CollideEdge.obj
         x64\Release\b2CollidePolygon.obj
         x64\Release\b2Collision.obj
         x64\Release\b2Distance.obj
         x64\Release\b2DynamicTree.obj
         x64\Release\b2TimeOfImpact.obj
         x64\Release\b2ChainShape.obj
         x64\Release\b2CircleShape.obj
         x64\Release\b2EdgeShape.obj
         x64\Release\b2PolygonShape.obj
         x64\Release\b2BlockAllocator.obj
         x64\Release\b2Draw.obj
         x64\Release\b2Math.obj
         x64\Release\b2Settings.obj
         x64\Release\b2StackAllocator.obj
         x64\Release\b2Timer.obj
         x64\Release\b2Body.obj
         x64\Release\b2ContactManager.obj
         x64\Release\b2Fixture.obj
         x64\Release\b2Island.obj
         x64\Release\b2World.obj
         x64\Release\b2WorldCallbacks.obj
         x64\Release\b2ChainAndCircleContact.obj
         x64\Release\b2ChainAndPolygonContact.obj
         x64\Release\b2CircleContact.obj
         x64\Release\b2Contact.obj
         x64\Release\b2ContactSolver.obj
         x64\Release\b2EdgeAndCircleContact.obj
         x64\Release\b2EdgeAndPolygonContact.obj
         x64\Release\b2PolygonAndCircleContact.obj
         x64\Release\b2PolygonContact.obj
         x64\Release\b2DistanceJoint.obj
         x64\Release\b2FrictionJoint.obj
         x64\Release\b2GearJoint.obj
         x64\Release\b2Joint.obj
         x64\Release\b2MouseJoint.obj
         x64\Release\b2PrismaticJoint.obj
         x64\Release\b2PulleyJoint.obj
         x64\Release\b2RevoluteJoint.obj
         x64\Release\b2RopeJoint.obj
         x64\Release\b2WeldJoint.obj
         x64\Release\b2WheelJoint.obj
         x64\Release\b2Rope.obj
         x64\Release\Ball.obj
         x64\Release\Bullet.obj
         x64\Release\main.obj
         x64\Release\Player.obj
         x64\Release\sltn.obj
         Generating code
     1>c:\c_importantstuffunited\_dae_\3dae_gd_13\portefolio\emiles_spacegame\source\main.cpp(251): warning C4715: 'MainClass::TryConnect' : not all control paths return a value
         Finished generating code
         SFML_emile.vcxproj -> C:\C_ImportantStuffUnited\_DAE_\3DAE_GD_13\Portefolio\EmileS_SpaceGame\SFML_emile_release.exe
     1>Done Building Project "C:\C_ImportantStuffUnited\_DAE_\3DAE_GD_13\Portefolio\EmileS_SpaceGame\SFML_emile.vcxproj" (Build target(s)).

Build succeeded.

Time Elapsed 00:00:15.25
