C:\C_IMPORTANTSTUFFUNITED\_DAE_\3DAE_GD_13\PORTEFOLIO\EMILES_SPACEGAME\X64\RELEASE\B2CONTACTMANAGER.OBJ
C:\C_IMPORTANTSTUFFUNITED\_DAE_\3DAE_GD_13\PORTEFOLIO\EMILES_SPACEGAME\X64\RELEASE\B2BODY.OBJ
C:\C_IMPORTANTSTUFFUNITED\_DAE_\3DAE_GD_13\PORTEFOLIO\EMILES_SPACEGAME\X64\RELEASE\B2TIMER.OBJ
C:\C_IMPORTANTSTUFFUNITED\_DAE_\3DAE_GD_13\PORTEFOLIO\EMILES_SPACEGAME\X64\RELEASE\B2STACKALLOCATOR.OBJ
C:\C_IMPORTANTSTUFFUNITED\_DAE_\3DAE_GD_13\PORTEFOLIO\EMILES_SPACEGAME\X64\RELEASE\B2SETTINGS.OBJ
C:\C_IMPORTANTSTUFFUNITED\_DAE_\3DAE_GD_13\PORTEFOLIO\EMILES_SPACEGAME\X64\RELEASE\B2MATH.OBJ
C:\C_IMPORTANTSTUFFUNITED\_DAE_\3DAE_GD_13\PORTEFOLIO\EMILES_SPACEGAME\X64\RELEASE\B2DRAW.OBJ
C:\C_IMPORTANTSTUFFUNITED\_DAE_\3DAE_GD_13\PORTEFOLIO\EMILES_SPACEGAME\X64\RELEASE\B2BLOCKALLOCATOR.OBJ
C:\C_IMPORTANTSTUFFUNITED\_DAE_\3DAE_GD_13\PORTEFOLIO\EMILES_SPACEGAME\X64\RELEASE\B2POLYGONSHAPE.OBJ
C:\C_IMPORTANTSTUFFUNITED\_DAE_\3DAE_GD_13\PORTEFOLIO\EMILES_SPACEGAME\X64\RELEASE\B2EDGESHAPE.OBJ
C:\C_IMPORTANTSTUFFUNITED\_DAE_\3DAE_GD_13\PORTEFOLIO\EMILES_SPACEGAME\X64\RELEASE\B2CIRCLESHAPE.OBJ
C:\C_IMPORTANTSTUFFUNITED\_DAE_\3DAE_GD_13\PORTEFOLIO\EMILES_SPACEGAME\X64\RELEASE\B2CHAINSHAPE.OBJ
C:\C_IMPORTANTSTUFFUNITED\_DAE_\3DAE_GD_13\PORTEFOLIO\EMILES_SPACEGAME\X64\RELEASE\B2TIMEOFIMPACT.OBJ
C:\C_IMPORTANTSTUFFUNITED\_DAE_\3DAE_GD_13\PORTEFOLIO\EMILES_SPACEGAME\X64\RELEASE\B2DYNAMICTREE.OBJ
C:\C_IMPORTANTSTUFFUNITED\_DAE_\3DAE_GD_13\PORTEFOLIO\EMILES_SPACEGAME\X64\RELEASE\B2DISTANCE.OBJ
C:\C_IMPORTANTSTUFFUNITED\_DAE_\3DAE_GD_13\PORTEFOLIO\EMILES_SPACEGAME\X64\RELEASE\B2COLLISION.OBJ
C:\C_IMPORTANTSTUFFUNITED\_DAE_\3DAE_GD_13\PORTEFOLIO\EMILES_SPACEGAME\X64\RELEASE\B2COLLIDEPOLYGON.OBJ
C:\C_IMPORTANTSTUFFUNITED\_DAE_\3DAE_GD_13\PORTEFOLIO\EMILES_SPACEGAME\X64\RELEASE\B2COLLIDEEDGE.OBJ
C:\C_IMPORTANTSTUFFUNITED\_DAE_\3DAE_GD_13\PORTEFOLIO\EMILES_SPACEGAME\X64\RELEASE\B2COLLIDECIRCLE.OBJ
C:\C_IMPORTANTSTUFFUNITED\_DAE_\3DAE_GD_13\PORTEFOLIO\EMILES_SPACEGAME\X64\RELEASE\B2BROADPHASE.OBJ
C:\C_IMPORTANTSTUFFUNITED\_DAE_\3DAE_GD_13\PORTEFOLIO\EMILES_SPACEGAME\X64\RELEASE\B2PULLEYJOINT.OBJ
C:\C_IMPORTANTSTUFFUNITED\_DAE_\3DAE_GD_13\PORTEFOLIO\EMILES_SPACEGAME\X64\RELEASE\B2PRISMATICJOINT.OBJ
C:\C_IMPORTANTSTUFFUNITED\_DAE_\3DAE_GD_13\PORTEFOLIO\EMILES_SPACEGAME\X64\RELEASE\B2MOUSEJOINT.OBJ
C:\C_IMPORTANTSTUFFUNITED\_DAE_\3DAE_GD_13\PORTEFOLIO\EMILES_SPACEGAME\X64\RELEASE\B2JOINT.OBJ
C:\C_IMPORTANTSTUFFUNITED\_DAE_\3DAE_GD_13\PORTEFOLIO\EMILES_SPACEGAME\X64\RELEASE\B2GEARJOINT.OBJ
C:\C_IMPORTANTSTUFFUNITED\_DAE_\3DAE_GD_13\PORTEFOLIO\EMILES_SPACEGAME\X64\RELEASE\B2FRICTIONJOINT.OBJ
C:\C_IMPORTANTSTUFFUNITED\_DAE_\3DAE_GD_13\PORTEFOLIO\EMILES_SPACEGAME\X64\RELEASE\B2DISTANCEJOINT.OBJ
C:\C_IMPORTANTSTUFFUNITED\_DAE_\3DAE_GD_13\PORTEFOLIO\EMILES_SPACEGAME\X64\RELEASE\B2POLYGONCONTACT.OBJ
C:\C_IMPORTANTSTUFFUNITED\_DAE_\3DAE_GD_13\PORTEFOLIO\EMILES_SPACEGAME\X64\RELEASE\B2POLYGONANDCIRCLECONTACT.OBJ
C:\C_IMPORTANTSTUFFUNITED\_DAE_\3DAE_GD_13\PORTEFOLIO\EMILES_SPACEGAME\X64\RELEASE\B2EDGEANDPOLYGONCONTACT.OBJ
C:\C_IMPORTANTSTUFFUNITED\_DAE_\3DAE_GD_13\PORTEFOLIO\EMILES_SPACEGAME\X64\RELEASE\B2EDGEANDCIRCLECONTACT.OBJ
C:\C_IMPORTANTSTUFFUNITED\_DAE_\3DAE_GD_13\PORTEFOLIO\EMILES_SPACEGAME\X64\RELEASE\B2CONTACTSOLVER.OBJ
C:\C_IMPORTANTSTUFFUNITED\_DAE_\3DAE_GD_13\PORTEFOLIO\EMILES_SPACEGAME\X64\RELEASE\B2CONTACT.OBJ
C:\C_IMPORTANTSTUFFUNITED\_DAE_\3DAE_GD_13\PORTEFOLIO\EMILES_SPACEGAME\X64\RELEASE\B2CIRCLECONTACT.OBJ
C:\C_IMPORTANTSTUFFUNITED\_DAE_\3DAE_GD_13\PORTEFOLIO\EMILES_SPACEGAME\X64\RELEASE\B2CHAINANDPOLYGONCONTACT.OBJ
C:\C_IMPORTANTSTUFFUNITED\_DAE_\3DAE_GD_13\PORTEFOLIO\EMILES_SPACEGAME\X64\RELEASE\B2CHAINANDCIRCLECONTACT.OBJ
C:\C_IMPORTANTSTUFFUNITED\_DAE_\3DAE_GD_13\PORTEFOLIO\EMILES_SPACEGAME\X64\RELEASE\B2WORLDCALLBACKS.OBJ
C:\C_IMPORTANTSTUFFUNITED\_DAE_\3DAE_GD_13\PORTEFOLIO\EMILES_SPACEGAME\X64\RELEASE\B2WORLD.OBJ
C:\C_IMPORTANTSTUFFUNITED\_DAE_\3DAE_GD_13\PORTEFOLIO\EMILES_SPACEGAME\X64\RELEASE\B2ISLAND.OBJ
C:\C_IMPORTANTSTUFFUNITED\_DAE_\3DAE_GD_13\PORTEFOLIO\EMILES_SPACEGAME\X64\RELEASE\B2FIXTURE.OBJ
C:\C_IMPORTANTSTUFFUNITED\_DAE_\3DAE_GD_13\PORTEFOLIO\EMILES_SPACEGAME\X64\RELEASE\SLTN.OBJ
C:\C_IMPORTANTSTUFFUNITED\_DAE_\3DAE_GD_13\PORTEFOLIO\EMILES_SPACEGAME\X64\RELEASE\PLAYER.OBJ
C:\C_IMPORTANTSTUFFUNITED\_DAE_\3DAE_GD_13\PORTEFOLIO\EMILES_SPACEGAME\X64\RELEASE\MAIN.OBJ
C:\C_IMPORTANTSTUFFUNITED\_DAE_\3DAE_GD_13\PORTEFOLIO\EMILES_SPACEGAME\X64\RELEASE\BULLET.OBJ
C:\C_IMPORTANTSTUFFUNITED\_DAE_\3DAE_GD_13\PORTEFOLIO\EMILES_SPACEGAME\X64\RELEASE\BALL.OBJ
C:\C_IMPORTANTSTUFFUNITED\_DAE_\3DAE_GD_13\PORTEFOLIO\EMILES_SPACEGAME\X64\RELEASE\GAMEPLAY.OBJ
C:\C_IMPORTANTSTUFFUNITED\_DAE_\3DAE_GD_13\PORTEFOLIO\EMILES_SPACEGAME\X64\RELEASE\B2ROPE.OBJ
C:\C_IMPORTANTSTUFFUNITED\_DAE_\3DAE_GD_13\PORTEFOLIO\EMILES_SPACEGAME\X64\RELEASE\B2WHEELJOINT.OBJ
C:\C_IMPORTANTSTUFFUNITED\_DAE_\3DAE_GD_13\PORTEFOLIO\EMILES_SPACEGAME\X64\RELEASE\B2WELDJOINT.OBJ
C:\C_IMPORTANTSTUFFUNITED\_DAE_\3DAE_GD_13\PORTEFOLIO\EMILES_SPACEGAME\X64\RELEASE\B2ROPEJOINT.OBJ
C:\C_IMPORTANTSTUFFUNITED\_DAE_\3DAE_GD_13\PORTEFOLIO\EMILES_SPACEGAME\X64\RELEASE\B2REVOLUTEJOINT.OBJ
C:\C_IMPORTANTSTUFFUNITED\_DAE_\3DAE_GD_13\PORTEFOLIO\EMILES_SPACEGAME\X64\RELEASE\VC110.PDB
C:\C_IMPORTANTSTUFFUNITED\_DAE_\3DAE_GD_13\PORTEFOLIO\EMILES_SPACEGAME\X64\RELEASE\SPRITEANIMATION.OBJ
C:\C_ImportantStuffUnited\_DAE_\3DAE_GD_13\Portefolio\EmileS_SpaceGame\x64\Release\b2BlockAllocator.obj
C:\C_ImportantStuffUnited\_DAE_\3DAE_GD_13\Portefolio\EmileS_SpaceGame\x64\Release\b2Body.obj
C:\C_ImportantStuffUnited\_DAE_\3DAE_GD_13\Portefolio\EmileS_SpaceGame\x64\Release\b2BroadPhase.obj
C:\C_ImportantStuffUnited\_DAE_\3DAE_GD_13\Portefolio\EmileS_SpaceGame\x64\Release\b2ChainAndCircleContact.obj
C:\C_ImportantStuffUnited\_DAE_\3DAE_GD_13\Portefolio\EmileS_SpaceGame\x64\Release\b2ChainAndPolygonContact.obj
C:\C_ImportantStuffUnited\_DAE_\3DAE_GD_13\Portefolio\EmileS_SpaceGame\x64\Release\b2ChainShape.obj
C:\C_ImportantStuffUnited\_DAE_\3DAE_GD_13\Portefolio\EmileS_SpaceGame\x64\Release\b2CircleContact.obj
C:\C_ImportantStuffUnited\_DAE_\3DAE_GD_13\Portefolio\EmileS_SpaceGame\x64\Release\b2CircleShape.obj
C:\C_ImportantStuffUnited\_DAE_\3DAE_GD_13\Portefolio\EmileS_SpaceGame\x64\Release\b2CollideCircle.obj
C:\C_ImportantStuffUnited\_DAE_\3DAE_GD_13\Portefolio\EmileS_SpaceGame\x64\Release\b2CollideEdge.obj
C:\C_ImportantStuffUnited\_DAE_\3DAE_GD_13\Portefolio\EmileS_SpaceGame\x64\Release\b2CollidePolygon.obj
C:\C_ImportantStuffUnited\_DAE_\3DAE_GD_13\Portefolio\EmileS_SpaceGame\x64\Release\b2Collision.obj
C:\C_ImportantStuffUnited\_DAE_\3DAE_GD_13\Portefolio\EmileS_SpaceGame\x64\Release\b2Contact.obj
C:\C_ImportantStuffUnited\_DAE_\3DAE_GD_13\Portefolio\EmileS_SpaceGame\x64\Release\b2ContactManager.obj
C:\C_ImportantStuffUnited\_DAE_\3DAE_GD_13\Portefolio\EmileS_SpaceGame\x64\Release\b2ContactSolver.obj
C:\C_ImportantStuffUnited\_DAE_\3DAE_GD_13\Portefolio\EmileS_SpaceGame\x64\Release\b2Distance.obj
C:\C_ImportantStuffUnited\_DAE_\3DAE_GD_13\Portefolio\EmileS_SpaceGame\x64\Release\b2DistanceJoint.obj
C:\C_ImportantStuffUnited\_DAE_\3DAE_GD_13\Portefolio\EmileS_SpaceGame\x64\Release\b2Draw.obj
C:\C_ImportantStuffUnited\_DAE_\3DAE_GD_13\Portefolio\EmileS_SpaceGame\x64\Release\b2DynamicTree.obj
C:\C_ImportantStuffUnited\_DAE_\3DAE_GD_13\Portefolio\EmileS_SpaceGame\x64\Release\b2EdgeAndCircleContact.obj
C:\C_ImportantStuffUnited\_DAE_\3DAE_GD_13\Portefolio\EmileS_SpaceGame\x64\Release\b2EdgeAndPolygonContact.obj
C:\C_ImportantStuffUnited\_DAE_\3DAE_GD_13\Portefolio\EmileS_SpaceGame\x64\Release\b2EdgeShape.obj
C:\C_ImportantStuffUnited\_DAE_\3DAE_GD_13\Portefolio\EmileS_SpaceGame\x64\Release\b2Fixture.obj
C:\C_ImportantStuffUnited\_DAE_\3DAE_GD_13\Portefolio\EmileS_SpaceGame\x64\Release\b2FrictionJoint.obj
C:\C_ImportantStuffUnited\_DAE_\3DAE_GD_13\Portefolio\EmileS_SpaceGame\x64\Release\b2GearJoint.obj
C:\C_ImportantStuffUnited\_DAE_\3DAE_GD_13\Portefolio\EmileS_SpaceGame\x64\Release\b2Island.obj
C:\C_ImportantStuffUnited\_DAE_\3DAE_GD_13\Portefolio\EmileS_SpaceGame\x64\Release\b2Joint.obj
C:\C_ImportantStuffUnited\_DAE_\3DAE_GD_13\Portefolio\EmileS_SpaceGame\x64\Release\b2Math.obj
C:\C_ImportantStuffUnited\_DAE_\3DAE_GD_13\Portefolio\EmileS_SpaceGame\x64\Release\b2MouseJoint.obj
C:\C_ImportantStuffUnited\_DAE_\3DAE_GD_13\Portefolio\EmileS_SpaceGame\x64\Release\b2PolygonAndCircleContact.obj
C:\C_ImportantStuffUnited\_DAE_\3DAE_GD_13\Portefolio\EmileS_SpaceGame\x64\Release\b2PolygonContact.obj
C:\C_ImportantStuffUnited\_DAE_\3DAE_GD_13\Portefolio\EmileS_SpaceGame\x64\Release\b2PolygonShape.obj
C:\C_ImportantStuffUnited\_DAE_\3DAE_GD_13\Portefolio\EmileS_SpaceGame\x64\Release\b2PrismaticJoint.obj
C:\C_ImportantStuffUnited\_DAE_\3DAE_GD_13\Portefolio\EmileS_SpaceGame\x64\Release\b2PulleyJoint.obj
C:\C_ImportantStuffUnited\_DAE_\3DAE_GD_13\Portefolio\EmileS_SpaceGame\x64\Release\b2RevoluteJoint.obj
C:\C_ImportantStuffUnited\_DAE_\3DAE_GD_13\Portefolio\EmileS_SpaceGame\x64\Release\b2Rope.obj
C:\C_ImportantStuffUnited\_DAE_\3DAE_GD_13\Portefolio\EmileS_SpaceGame\x64\Release\b2RopeJoint.obj
C:\C_ImportantStuffUnited\_DAE_\3DAE_GD_13\Portefolio\EmileS_SpaceGame\x64\Release\b2Settings.obj
C:\C_ImportantStuffUnited\_DAE_\3DAE_GD_13\Portefolio\EmileS_SpaceGame\x64\Release\b2StackAllocator.obj
C:\C_ImportantStuffUnited\_DAE_\3DAE_GD_13\Portefolio\EmileS_SpaceGame\x64\Release\b2TimeOfImpact.obj
C:\C_ImportantStuffUnited\_DAE_\3DAE_GD_13\Portefolio\EmileS_SpaceGame\x64\Release\b2Timer.obj
C:\C_ImportantStuffUnited\_DAE_\3DAE_GD_13\Portefolio\EmileS_SpaceGame\x64\Release\b2WeldJoint.obj
C:\C_ImportantStuffUnited\_DAE_\3DAE_GD_13\Portefolio\EmileS_SpaceGame\x64\Release\b2WheelJoint.obj
C:\C_ImportantStuffUnited\_DAE_\3DAE_GD_13\Portefolio\EmileS_SpaceGame\x64\Release\b2World.obj
C:\C_ImportantStuffUnited\_DAE_\3DAE_GD_13\Portefolio\EmileS_SpaceGame\x64\Release\b2WorldCallbacks.obj
C:\C_ImportantStuffUnited\_DAE_\3DAE_GD_13\Portefolio\EmileS_SpaceGame\x64\Release\Ball.obj
C:\C_ImportantStuffUnited\_DAE_\3DAE_GD_13\Portefolio\EmileS_SpaceGame\x64\Release\Bullet.obj
C:\C_ImportantStuffUnited\_DAE_\3DAE_GD_13\Portefolio\EmileS_SpaceGame\x64\Release\Gameplay.obj
C:\C_ImportantStuffUnited\_DAE_\3DAE_GD_13\Portefolio\EmileS_SpaceGame\x64\Release\main.obj
C:\C_ImportantStuffUnited\_DAE_\3DAE_GD_13\Portefolio\EmileS_SpaceGame\x64\Release\Player.obj
C:\C_ImportantStuffUnited\_DAE_\3DAE_GD_13\Portefolio\EmileS_SpaceGame\x64\Release\sltn.obj
C:\C_ImportantStuffUnited\_DAE_\3DAE_GD_13\Portefolio\EmileS_SpaceGame\x64\Release\SpriteAnimation.obj
C:\C_ImportantStuffUnited\_DAE_\3DAE_GD_13\Portefolio\EmileS_SpaceGame\x64\Release\cl.command.1.tlog
C:\C_ImportantStuffUnited\_DAE_\3DAE_GD_13\Portefolio\EmileS_SpaceGame\x64\Release\CL.read.1.tlog
C:\C_ImportantStuffUnited\_DAE_\3DAE_GD_13\Portefolio\EmileS_SpaceGame\x64\Release\CL.write.1.tlog
C:\C_ImportantStuffUnited\_DAE_\3DAE_GD_13\Portefolio\EmileS_SpaceGame\x64\Release\link-cvtres.read.1.tlog
C:\C_ImportantStuffUnited\_DAE_\3DAE_GD_13\Portefolio\EmileS_SpaceGame\x64\Release\link-cvtres.write.1.tlog
C:\C_ImportantStuffUnited\_DAE_\3DAE_GD_13\Portefolio\EmileS_SpaceGame\x64\Release\link-rc.read.1.tlog
C:\C_ImportantStuffUnited\_DAE_\3DAE_GD_13\Portefolio\EmileS_SpaceGame\x64\Release\link-rc.write.1.tlog
C:\C_ImportantStuffUnited\_DAE_\3DAE_GD_13\Portefolio\EmileS_SpaceGame\x64\Release\link.command.1.tlog
C:\C_ImportantStuffUnited\_DAE_\3DAE_GD_13\Portefolio\EmileS_SpaceGame\x64\Release\link.read.1.tlog
C:\C_ImportantStuffUnited\_DAE_\3DAE_GD_13\Portefolio\EmileS_SpaceGame\x64\Release\link.write.1.tlog
C:\C_ImportantStuffUnited\_DAE_\3DAE_GD_13\Portefolio\EmileS_SpaceGame\x64\Release\vc110.pdb
C:\C_ImportantStuffUnited\_DAE_\3DAE_GD_13\Portefolio\EmileS_SpaceGame\SpaceGame_release.pdb
