Build started 6/12/2013 15:22:35.
     1>Project "C:\C_ImportantStuffUnited\_DAE_\3DAE_GD_13\Portefolio\EmileS_SpaceGame\SFML_emile.vcxproj" on node 2 (Build target(s)).
     1>ClCompile:
         C:\Program Files (x86)\Microsoft Visual Studio 11.0\VC\bin\x86_amd64\CL.exe /c /I"D:\groteFolders\GeekStuff\SFML-2.1\include" /ID:\groteFolders\GeekStuff\Box2D_v2.2.1 /Zi /nologo /W3 /WX- /Od /D WIN32 /D _DEBUG /D _CONSOLE /D _UNICODE /D UNICODE /Gm /EHsc /RTC1 /MDd /GS /fp:precise /Zc:wchar_t /Zc:forScope /Fo"x64\Debug\\" /Fd"x64\Debug\vc110.pdb" /Gd /TP /errorReport:prompt source\Bullet.cpp
         Bullet.cpp
     1>C:\Program Files (x86)\MSBuild\Microsoft.Cpp\v4.0\V110\Microsoft.CppBuild.targets(1139,5): warning MSB8012: TargetName(x64\SpaceGame_debug) does not match the Linker's OutputFile property value (SpaceGame_debug). This may cause your project to build incorrectly. To correct this, please make sure that $(OutDir), $(TargetName) and $(TargetExt) property values match the value specified in %(Link.OutputFile).
       Link:
         C:\Program Files (x86)\Microsoft Visual Studio 11.0\VC\bin\x86_amd64\link.exe /ERRORREPORT:PROMPT /OUT:"C:\C_ImportantStuffUnited\_DAE_\3DAE_GD_13\Portefolio\EmileS_SpaceGame\x64\SpaceGame_debug.exe" /INCREMENTAL /NOLOGO /LIBPATH:".\SFML-2.1\lib" "sfml-audio-d.lib" "sfml-graphics-d.lib" "sfml-main-d.lib" "sfml-network-d.lib" "sfml-system-d.lib" "sfml-window-d.lib" Box2D.lib kernel32.lib user32.lib gdi32.lib winspool.lib comdlg32.lib advapi32.lib shell32.lib ole32.lib oleaut32.lib uuid.lib odbc32.lib odbccp32.lib /MANIFEST /MANIFESTUAC:"level='asInvoker' uiAccess='false'" /manifest:embed /DEBUG /PDB:"C:\C_ImportantStuffUnited\_DAE_\3DAE_GD_13\Portefolio\EmileS_SpaceGame\x64\SpaceGame_debug.pdb" /SUBSYSTEM:CONSOLE /TLBID:1 /DYNAMICBASE /NXCOMPAT /IMPLIB:"C:\C_ImportantStuffUnited\_DAE_\3DAE_GD_13\Portefolio\EmileS_SpaceGame\x64\SpaceGame_debug.lib" /MACHINE:X64 x64\Debug\b2BroadPhase.obj
         x64\Debug\b2CollideCircle.obj
         x64\Debug\b2CollideEdge.obj
         x64\Debug\b2CollidePolygon.obj
         x64\Debug\b2Collision.obj
         x64\Debug\b2Distance.obj
         x64\Debug\b2DynamicTree.obj
         x64\Debug\b2TimeOfImpact.obj
         x64\Debug\b2ChainShape.obj
         x64\Debug\b2CircleShape.obj
         x64\Debug\b2EdgeShape.obj
         x64\Debug\b2PolygonShape.obj
         x64\Debug\b2BlockAllocator.obj
         x64\Debug\b2Draw.obj
         x64\Debug\b2Math.obj
         x64\Debug\b2Settings.obj
         x64\Debug\b2StackAllocator.obj
         x64\Debug\b2Timer.obj
         x64\Debug\b2Body.obj
         x64\Debug\b2ContactManager.obj
         x64\Debug\b2Fixture.obj
         x64\Debug\b2Island.obj
         x64\Debug\b2World.obj
         x64\Debug\b2WorldCallbacks.obj
         x64\Debug\b2ChainAndCircleContact.obj
         x64\Debug\b2ChainAndPolygonContact.obj
         x64\Debug\b2CircleContact.obj
         x64\Debug\b2Contact.obj
         x64\Debug\b2ContactSolver.obj
         x64\Debug\b2EdgeAndCircleContact.obj
         x64\Debug\b2EdgeAndPolygonContact.obj
         x64\Debug\b2PolygonAndCircleContact.obj
         x64\Debug\b2PolygonContact.obj
         x64\Debug\b2DistanceJoint.obj
         x64\Debug\b2FrictionJoint.obj
         x64\Debug\b2GearJoint.obj
         x64\Debug\b2Joint.obj
         x64\Debug\b2MouseJoint.obj
         x64\Debug\b2PrismaticJoint.obj
         x64\Debug\b2PulleyJoint.obj
         x64\Debug\b2RevoluteJoint.obj
         x64\Debug\b2RopeJoint.obj
         x64\Debug\b2WeldJoint.obj
         x64\Debug\b2WheelJoint.obj
         x64\Debug\b2Rope.obj
         x64\Debug\Gameplay.obj
         x64\Debug\Ball.obj
         x64\Debug\Bullet.obj
         x64\Debug\main.obj
         x64\Debug\Player.obj
         x64\Debug\sltn.obj
         x64\Debug\SpriteAnimation.obj
         SFML_emile.vcxproj -> C:\C_ImportantStuffUnited\_DAE_\3DAE_GD_13\Portefolio\EmileS_SpaceGame\x64\SpaceGame_debug.exe
     1>Done Building Project "C:\C_ImportantStuffUnited\_DAE_\3DAE_GD_13\Portefolio\EmileS_SpaceGame\SFML_emile.vcxproj" (Build target(s)).

Build succeeded.

Time Elapsed 00:00:01.67
