C:\C_IMPORTANTSTUFFUNITED\_DAE_\3DAE_GD_13\PORTEFOLIO\EMILES_SPACEGAME\X64\DEBUG\B2POLYGONANDCIRCLECONTACT.OBJ
C:\C_IMPORTANTSTUFFUNITED\_DAE_\3DAE_GD_13\PORTEFOLIO\EMILES_SPACEGAME\X64\DEBUG\B2POLYGONCONTACT.OBJ
C:\C_IMPORTANTSTUFFUNITED\_DAE_\3DAE_GD_13\PORTEFOLIO\EMILES_SPACEGAME\X64\DEBUG\B2DISTANCEJOINT.OBJ
C:\C_IMPORTANTSTUFFUNITED\_DAE_\3DAE_GD_13\PORTEFOLIO\EMILES_SPACEGAME\X64\DEBUG\B2FRICTIONJOINT.OBJ
C:\C_IMPORTANTSTUFFUNITED\_DAE_\3DAE_GD_13\PORTEFOLIO\EMILES_SPACEGAME\X64\DEBUG\B2GEARJOINT.OBJ
C:\C_IMPORTANTSTUFFUNITED\_DAE_\3DAE_GD_13\PORTEFOLIO\EMILES_SPACEGAME\X64\DEBUG\B2JOINT.OBJ
C:\C_IMPORTANTSTUFFUNITED\_DAE_\3DAE_GD_13\PORTEFOLIO\EMILES_SPACEGAME\X64\DEBUG\B2MOUSEJOINT.OBJ
C:\C_IMPORTANTSTUFFUNITED\_DAE_\3DAE_GD_13\PORTEFOLIO\EMILES_SPACEGAME\X64\DEBUG\B2PRISMATICJOINT.OBJ
C:\C_IMPORTANTSTUFFUNITED\_DAE_\3DAE_GD_13\PORTEFOLIO\EMILES_SPACEGAME\X64\DEBUG\B2PULLEYJOINT.OBJ
C:\C_IMPORTANTSTUFFUNITED\_DAE_\3DAE_GD_13\PORTEFOLIO\EMILES_SPACEGAME\X64\DEBUG\B2REVOLUTEJOINT.OBJ
C:\C_IMPORTANTSTUFFUNITED\_DAE_\3DAE_GD_13\PORTEFOLIO\EMILES_SPACEGAME\X64\DEBUG\B2ROPEJOINT.OBJ
C:\C_IMPORTANTSTUFFUNITED\_DAE_\3DAE_GD_13\PORTEFOLIO\EMILES_SPACEGAME\X64\DEBUG\B2WELDJOINT.OBJ
C:\C_IMPORTANTSTUFFUNITED\_DAE_\3DAE_GD_13\PORTEFOLIO\EMILES_SPACEGAME\X64\DEBUG\B2WHEELJOINT.OBJ
C:\C_IMPORTANTSTUFFUNITED\_DAE_\3DAE_GD_13\PORTEFOLIO\EMILES_SPACEGAME\X64\DEBUG\B2ROPE.OBJ
C:\C_IMPORTANTSTUFFUNITED\_DAE_\3DAE_GD_13\PORTEFOLIO\EMILES_SPACEGAME\X64\DEBUG\GAMEPLAY.OBJ
C:\C_IMPORTANTSTUFFUNITED\_DAE_\3DAE_GD_13\PORTEFOLIO\EMILES_SPACEGAME\X64\DEBUG\BALL.OBJ
C:\C_IMPORTANTSTUFFUNITED\_DAE_\3DAE_GD_13\PORTEFOLIO\EMILES_SPACEGAME\X64\DEBUG\BULLET.OBJ
C:\C_IMPORTANTSTUFFUNITED\_DAE_\3DAE_GD_13\PORTEFOLIO\EMILES_SPACEGAME\X64\DEBUG\MAIN.OBJ
C:\C_IMPORTANTSTUFFUNITED\_DAE_\3DAE_GD_13\PORTEFOLIO\EMILES_SPACEGAME\X64\DEBUG\PLAYER.OBJ
C:\C_IMPORTANTSTUFFUNITED\_DAE_\3DAE_GD_13\PORTEFOLIO\EMILES_SPACEGAME\X64\DEBUG\SLTN.OBJ
C:\C_IMPORTANTSTUFFUNITED\_DAE_\3DAE_GD_13\PORTEFOLIO\EMILES_SPACEGAME\X64\DEBUG\B2POLYGONSHAPE.OBJ
C:\C_IMPORTANTSTUFFUNITED\_DAE_\3DAE_GD_13\PORTEFOLIO\EMILES_SPACEGAME\X64\DEBUG\B2BLOCKALLOCATOR.OBJ
C:\C_IMPORTANTSTUFFUNITED\_DAE_\3DAE_GD_13\PORTEFOLIO\EMILES_SPACEGAME\X64\DEBUG\B2DRAW.OBJ
C:\C_IMPORTANTSTUFFUNITED\_DAE_\3DAE_GD_13\PORTEFOLIO\EMILES_SPACEGAME\X64\DEBUG\B2MATH.OBJ
C:\C_IMPORTANTSTUFFUNITED\_DAE_\3DAE_GD_13\PORTEFOLIO\EMILES_SPACEGAME\X64\DEBUG\B2SETTINGS.OBJ
C:\C_IMPORTANTSTUFFUNITED\_DAE_\3DAE_GD_13\PORTEFOLIO\EMILES_SPACEGAME\X64\DEBUG\B2STACKALLOCATOR.OBJ
C:\C_IMPORTANTSTUFFUNITED\_DAE_\3DAE_GD_13\PORTEFOLIO\EMILES_SPACEGAME\X64\DEBUG\B2TIMER.OBJ
C:\C_IMPORTANTSTUFFUNITED\_DAE_\3DAE_GD_13\PORTEFOLIO\EMILES_SPACEGAME\X64\DEBUG\B2BODY.OBJ
C:\C_IMPORTANTSTUFFUNITED\_DAE_\3DAE_GD_13\PORTEFOLIO\EMILES_SPACEGAME\X64\DEBUG\B2CONTACTMANAGER.OBJ
C:\C_IMPORTANTSTUFFUNITED\_DAE_\3DAE_GD_13\PORTEFOLIO\EMILES_SPACEGAME\X64\DEBUG\B2FIXTURE.OBJ
C:\C_IMPORTANTSTUFFUNITED\_DAE_\3DAE_GD_13\PORTEFOLIO\EMILES_SPACEGAME\X64\DEBUG\B2ISLAND.OBJ
C:\C_IMPORTANTSTUFFUNITED\_DAE_\3DAE_GD_13\PORTEFOLIO\EMILES_SPACEGAME\X64\DEBUG\B2WORLD.OBJ
C:\C_IMPORTANTSTUFFUNITED\_DAE_\3DAE_GD_13\PORTEFOLIO\EMILES_SPACEGAME\X64\DEBUG\B2WORLDCALLBACKS.OBJ
C:\C_IMPORTANTSTUFFUNITED\_DAE_\3DAE_GD_13\PORTEFOLIO\EMILES_SPACEGAME\X64\DEBUG\B2CHAINANDCIRCLECONTACT.OBJ
C:\C_IMPORTANTSTUFFUNITED\_DAE_\3DAE_GD_13\PORTEFOLIO\EMILES_SPACEGAME\X64\DEBUG\B2CHAINANDPOLYGONCONTACT.OBJ
C:\C_IMPORTANTSTUFFUNITED\_DAE_\3DAE_GD_13\PORTEFOLIO\EMILES_SPACEGAME\X64\DEBUG\B2CIRCLECONTACT.OBJ
C:\C_IMPORTANTSTUFFUNITED\_DAE_\3DAE_GD_13\PORTEFOLIO\EMILES_SPACEGAME\X64\DEBUG\B2CONTACT.OBJ
C:\C_IMPORTANTSTUFFUNITED\_DAE_\3DAE_GD_13\PORTEFOLIO\EMILES_SPACEGAME\X64\DEBUG\B2CONTACTSOLVER.OBJ
C:\C_IMPORTANTSTUFFUNITED\_DAE_\3DAE_GD_13\PORTEFOLIO\EMILES_SPACEGAME\X64\DEBUG\B2EDGEANDCIRCLECONTACT.OBJ
C:\C_IMPORTANTSTUFFUNITED\_DAE_\3DAE_GD_13\PORTEFOLIO\EMILES_SPACEGAME\X64\DEBUG\B2EDGEANDPOLYGONCONTACT.OBJ
C:\C_IMPORTANTSTUFFUNITED\_DAE_\3DAE_GD_13\PORTEFOLIO\EMILES_SPACEGAME\X64\DEBUG\B2BROADPHASE.OBJ
C:\C_IMPORTANTSTUFFUNITED\_DAE_\3DAE_GD_13\PORTEFOLIO\EMILES_SPACEGAME\X64\DEBUG\B2COLLIDECIRCLE.OBJ
C:\C_IMPORTANTSTUFFUNITED\_DAE_\3DAE_GD_13\PORTEFOLIO\EMILES_SPACEGAME\X64\DEBUG\B2COLLIDEEDGE.OBJ
C:\C_IMPORTANTSTUFFUNITED\_DAE_\3DAE_GD_13\PORTEFOLIO\EMILES_SPACEGAME\X64\DEBUG\B2COLLIDEPOLYGON.OBJ
C:\C_IMPORTANTSTUFFUNITED\_DAE_\3DAE_GD_13\PORTEFOLIO\EMILES_SPACEGAME\X64\DEBUG\B2COLLISION.OBJ
C:\C_IMPORTANTSTUFFUNITED\_DAE_\3DAE_GD_13\PORTEFOLIO\EMILES_SPACEGAME\X64\DEBUG\B2DISTANCE.OBJ
C:\C_IMPORTANTSTUFFUNITED\_DAE_\3DAE_GD_13\PORTEFOLIO\EMILES_SPACEGAME\X64\DEBUG\B2DYNAMICTREE.OBJ
C:\C_IMPORTANTSTUFFUNITED\_DAE_\3DAE_GD_13\PORTEFOLIO\EMILES_SPACEGAME\X64\DEBUG\B2TIMEOFIMPACT.OBJ
C:\C_IMPORTANTSTUFFUNITED\_DAE_\3DAE_GD_13\PORTEFOLIO\EMILES_SPACEGAME\X64\DEBUG\B2CHAINSHAPE.OBJ
C:\C_IMPORTANTSTUFFUNITED\_DAE_\3DAE_GD_13\PORTEFOLIO\EMILES_SPACEGAME\X64\DEBUG\B2CIRCLESHAPE.OBJ
C:\C_IMPORTANTSTUFFUNITED\_DAE_\3DAE_GD_13\PORTEFOLIO\EMILES_SPACEGAME\X64\DEBUG\B2EDGESHAPE.OBJ
C:\C_IMPORTANTSTUFFUNITED\_DAE_\3DAE_GD_13\PORTEFOLIO\EMILES_SPACEGAME\X64\DEBUG\VC110.PDB
C:\C_IMPORTANTSTUFFUNITED\_DAE_\3DAE_GD_13\PORTEFOLIO\EMILES_SPACEGAME\X64\DEBUG\SPRITEANIMATION.OBJ
C:\C_ImportantStuffUnited\_DAE_\3DAE_GD_13\Portefolio\EmileS_SpaceGame\x64\Debug\b2BlockAllocator.obj
C:\C_ImportantStuffUnited\_DAE_\3DAE_GD_13\Portefolio\EmileS_SpaceGame\x64\Debug\b2Body.obj
C:\C_ImportantStuffUnited\_DAE_\3DAE_GD_13\Portefolio\EmileS_SpaceGame\x64\Debug\b2BroadPhase.obj
C:\C_ImportantStuffUnited\_DAE_\3DAE_GD_13\Portefolio\EmileS_SpaceGame\x64\Debug\b2ChainAndCircleContact.obj
C:\C_ImportantStuffUnited\_DAE_\3DAE_GD_13\Portefolio\EmileS_SpaceGame\x64\Debug\b2ChainAndPolygonContact.obj
C:\C_ImportantStuffUnited\_DAE_\3DAE_GD_13\Portefolio\EmileS_SpaceGame\x64\Debug\b2ChainShape.obj
C:\C_ImportantStuffUnited\_DAE_\3DAE_GD_13\Portefolio\EmileS_SpaceGame\x64\Debug\b2CircleContact.obj
C:\C_ImportantStuffUnited\_DAE_\3DAE_GD_13\Portefolio\EmileS_SpaceGame\x64\Debug\b2CircleShape.obj
C:\C_ImportantStuffUnited\_DAE_\3DAE_GD_13\Portefolio\EmileS_SpaceGame\x64\Debug\b2CollideCircle.obj
C:\C_ImportantStuffUnited\_DAE_\3DAE_GD_13\Portefolio\EmileS_SpaceGame\x64\Debug\b2CollideEdge.obj
C:\C_ImportantStuffUnited\_DAE_\3DAE_GD_13\Portefolio\EmileS_SpaceGame\x64\Debug\b2CollidePolygon.obj
C:\C_ImportantStuffUnited\_DAE_\3DAE_GD_13\Portefolio\EmileS_SpaceGame\x64\Debug\b2Collision.obj
C:\C_ImportantStuffUnited\_DAE_\3DAE_GD_13\Portefolio\EmileS_SpaceGame\x64\Debug\b2Contact.obj
C:\C_ImportantStuffUnited\_DAE_\3DAE_GD_13\Portefolio\EmileS_SpaceGame\x64\Debug\b2ContactManager.obj
C:\C_ImportantStuffUnited\_DAE_\3DAE_GD_13\Portefolio\EmileS_SpaceGame\x64\Debug\b2ContactSolver.obj
C:\C_ImportantStuffUnited\_DAE_\3DAE_GD_13\Portefolio\EmileS_SpaceGame\x64\Debug\b2Distance.obj
C:\C_ImportantStuffUnited\_DAE_\3DAE_GD_13\Portefolio\EmileS_SpaceGame\x64\Debug\b2DistanceJoint.obj
C:\C_ImportantStuffUnited\_DAE_\3DAE_GD_13\Portefolio\EmileS_SpaceGame\x64\Debug\b2Draw.obj
C:\C_ImportantStuffUnited\_DAE_\3DAE_GD_13\Portefolio\EmileS_SpaceGame\x64\Debug\b2DynamicTree.obj
C:\C_ImportantStuffUnited\_DAE_\3DAE_GD_13\Portefolio\EmileS_SpaceGame\x64\Debug\b2EdgeAndCircleContact.obj
C:\C_ImportantStuffUnited\_DAE_\3DAE_GD_13\Portefolio\EmileS_SpaceGame\x64\Debug\b2EdgeAndPolygonContact.obj
C:\C_ImportantStuffUnited\_DAE_\3DAE_GD_13\Portefolio\EmileS_SpaceGame\x64\Debug\b2EdgeShape.obj
C:\C_ImportantStuffUnited\_DAE_\3DAE_GD_13\Portefolio\EmileS_SpaceGame\x64\Debug\b2Fixture.obj
C:\C_ImportantStuffUnited\_DAE_\3DAE_GD_13\Portefolio\EmileS_SpaceGame\x64\Debug\b2FrictionJoint.obj
C:\C_ImportantStuffUnited\_DAE_\3DAE_GD_13\Portefolio\EmileS_SpaceGame\x64\Debug\b2GearJoint.obj
C:\C_ImportantStuffUnited\_DAE_\3DAE_GD_13\Portefolio\EmileS_SpaceGame\x64\Debug\b2Island.obj
C:\C_ImportantStuffUnited\_DAE_\3DAE_GD_13\Portefolio\EmileS_SpaceGame\x64\Debug\b2Joint.obj
C:\C_ImportantStuffUnited\_DAE_\3DAE_GD_13\Portefolio\EmileS_SpaceGame\x64\Debug\b2Math.obj
C:\C_ImportantStuffUnited\_DAE_\3DAE_GD_13\Portefolio\EmileS_SpaceGame\x64\Debug\b2MouseJoint.obj
C:\C_ImportantStuffUnited\_DAE_\3DAE_GD_13\Portefolio\EmileS_SpaceGame\x64\Debug\b2PolygonAndCircleContact.obj
C:\C_ImportantStuffUnited\_DAE_\3DAE_GD_13\Portefolio\EmileS_SpaceGame\x64\Debug\b2PolygonContact.obj
C:\C_ImportantStuffUnited\_DAE_\3DAE_GD_13\Portefolio\EmileS_SpaceGame\x64\Debug\b2PolygonShape.obj
C:\C_ImportantStuffUnited\_DAE_\3DAE_GD_13\Portefolio\EmileS_SpaceGame\x64\Debug\b2PrismaticJoint.obj
C:\C_ImportantStuffUnited\_DAE_\3DAE_GD_13\Portefolio\EmileS_SpaceGame\x64\Debug\b2PulleyJoint.obj
C:\C_ImportantStuffUnited\_DAE_\3DAE_GD_13\Portefolio\EmileS_SpaceGame\x64\Debug\b2RevoluteJoint.obj
C:\C_ImportantStuffUnited\_DAE_\3DAE_GD_13\Portefolio\EmileS_SpaceGame\x64\Debug\b2Rope.obj
C:\C_ImportantStuffUnited\_DAE_\3DAE_GD_13\Portefolio\EmileS_SpaceGame\x64\Debug\b2RopeJoint.obj
C:\C_ImportantStuffUnited\_DAE_\3DAE_GD_13\Portefolio\EmileS_SpaceGame\x64\Debug\b2Settings.obj
C:\C_ImportantStuffUnited\_DAE_\3DAE_GD_13\Portefolio\EmileS_SpaceGame\x64\Debug\b2StackAllocator.obj
C:\C_ImportantStuffUnited\_DAE_\3DAE_GD_13\Portefolio\EmileS_SpaceGame\x64\Debug\b2TimeOfImpact.obj
C:\C_ImportantStuffUnited\_DAE_\3DAE_GD_13\Portefolio\EmileS_SpaceGame\x64\Debug\b2Timer.obj
C:\C_ImportantStuffUnited\_DAE_\3DAE_GD_13\Portefolio\EmileS_SpaceGame\x64\Debug\b2WeldJoint.obj
C:\C_ImportantStuffUnited\_DAE_\3DAE_GD_13\Portefolio\EmileS_SpaceGame\x64\Debug\b2WheelJoint.obj
C:\C_ImportantStuffUnited\_DAE_\3DAE_GD_13\Portefolio\EmileS_SpaceGame\x64\Debug\b2World.obj
C:\C_ImportantStuffUnited\_DAE_\3DAE_GD_13\Portefolio\EmileS_SpaceGame\x64\Debug\b2WorldCallbacks.obj
C:\C_ImportantStuffUnited\_DAE_\3DAE_GD_13\Portefolio\EmileS_SpaceGame\x64\Debug\Ball.obj
C:\C_ImportantStuffUnited\_DAE_\3DAE_GD_13\Portefolio\EmileS_SpaceGame\x64\Debug\Bullet.obj
C:\C_ImportantStuffUnited\_DAE_\3DAE_GD_13\Portefolio\EmileS_SpaceGame\x64\Debug\Gameplay.obj
C:\C_ImportantStuffUnited\_DAE_\3DAE_GD_13\Portefolio\EmileS_SpaceGame\x64\Debug\main.obj
C:\C_ImportantStuffUnited\_DAE_\3DAE_GD_13\Portefolio\EmileS_SpaceGame\x64\Debug\Player.obj
C:\C_ImportantStuffUnited\_DAE_\3DAE_GD_13\Portefolio\EmileS_SpaceGame\x64\Debug\sltn.obj
C:\C_ImportantStuffUnited\_DAE_\3DAE_GD_13\Portefolio\EmileS_SpaceGame\x64\Debug\SpriteAnimation.obj
C:\C_ImportantStuffUnited\_DAE_\3DAE_GD_13\Portefolio\EmileS_SpaceGame\x64\Debug\cl.command.1.tlog
C:\C_ImportantStuffUnited\_DAE_\3DAE_GD_13\Portefolio\EmileS_SpaceGame\x64\Debug\CL.read.1.tlog
C:\C_ImportantStuffUnited\_DAE_\3DAE_GD_13\Portefolio\EmileS_SpaceGame\x64\Debug\CL.write.1.tlog
C:\C_ImportantStuffUnited\_DAE_\3DAE_GD_13\Portefolio\EmileS_SpaceGame\x64\Debug\link-cvtres.read.1.tlog
C:\C_ImportantStuffUnited\_DAE_\3DAE_GD_13\Portefolio\EmileS_SpaceGame\x64\Debug\link-cvtres.write.1.tlog
C:\C_ImportantStuffUnited\_DAE_\3DAE_GD_13\Portefolio\EmileS_SpaceGame\x64\Debug\link-rc.read.1.tlog
C:\C_ImportantStuffUnited\_DAE_\3DAE_GD_13\Portefolio\EmileS_SpaceGame\x64\Debug\link-rc.write.1.tlog
C:\C_ImportantStuffUnited\_DAE_\3DAE_GD_13\Portefolio\EmileS_SpaceGame\x64\Debug\link.364-cvtres.read.1.tlog
C:\C_ImportantStuffUnited\_DAE_\3DAE_GD_13\Portefolio\EmileS_SpaceGame\x64\Debug\link.364-cvtres.write.1.tlog
C:\C_ImportantStuffUnited\_DAE_\3DAE_GD_13\Portefolio\EmileS_SpaceGame\x64\Debug\link.364-rc.read.1.tlog
C:\C_ImportantStuffUnited\_DAE_\3DAE_GD_13\Portefolio\EmileS_SpaceGame\x64\Debug\link.364-rc.write.1.tlog
C:\C_ImportantStuffUnited\_DAE_\3DAE_GD_13\Portefolio\EmileS_SpaceGame\x64\Debug\link.364.read.1.tlog
C:\C_ImportantStuffUnited\_DAE_\3DAE_GD_13\Portefolio\EmileS_SpaceGame\x64\Debug\link.364.write.1.tlog
C:\C_ImportantStuffUnited\_DAE_\3DAE_GD_13\Portefolio\EmileS_SpaceGame\x64\Debug\link.5492-cvtres.read.1.tlog
C:\C_ImportantStuffUnited\_DAE_\3DAE_GD_13\Portefolio\EmileS_SpaceGame\x64\Debug\link.5492-cvtres.write.1.tlog
C:\C_ImportantStuffUnited\_DAE_\3DAE_GD_13\Portefolio\EmileS_SpaceGame\x64\Debug\link.5492-rc.read.1.tlog
C:\C_ImportantStuffUnited\_DAE_\3DAE_GD_13\Portefolio\EmileS_SpaceGame\x64\Debug\link.5492-rc.write.1.tlog
C:\C_ImportantStuffUnited\_DAE_\3DAE_GD_13\Portefolio\EmileS_SpaceGame\x64\Debug\link.5492.read.1.tlog
C:\C_ImportantStuffUnited\_DAE_\3DAE_GD_13\Portefolio\EmileS_SpaceGame\x64\Debug\link.5492.write.1.tlog
C:\C_ImportantStuffUnited\_DAE_\3DAE_GD_13\Portefolio\EmileS_SpaceGame\x64\Debug\link.7676-cvtres.read.1.tlog
C:\C_ImportantStuffUnited\_DAE_\3DAE_GD_13\Portefolio\EmileS_SpaceGame\x64\Debug\link.7676-cvtres.write.1.tlog
C:\C_ImportantStuffUnited\_DAE_\3DAE_GD_13\Portefolio\EmileS_SpaceGame\x64\Debug\link.7676-rc.read.1.tlog
C:\C_ImportantStuffUnited\_DAE_\3DAE_GD_13\Portefolio\EmileS_SpaceGame\x64\Debug\link.7676-rc.write.1.tlog
C:\C_ImportantStuffUnited\_DAE_\3DAE_GD_13\Portefolio\EmileS_SpaceGame\x64\Debug\link.7676.read.1.tlog
C:\C_ImportantStuffUnited\_DAE_\3DAE_GD_13\Portefolio\EmileS_SpaceGame\x64\Debug\link.7676.write.1.tlog
C:\C_ImportantStuffUnited\_DAE_\3DAE_GD_13\Portefolio\EmileS_SpaceGame\x64\Debug\link.command.1.tlog
C:\C_ImportantStuffUnited\_DAE_\3DAE_GD_13\Portefolio\EmileS_SpaceGame\x64\Debug\link.read.1.tlog
C:\C_ImportantStuffUnited\_DAE_\3DAE_GD_13\Portefolio\EmileS_SpaceGame\x64\Debug\link.write.1.tlog
C:\C_ImportantStuffUnited\_DAE_\3DAE_GD_13\Portefolio\EmileS_SpaceGame\x64\Debug\vc110.idb
C:\C_ImportantStuffUnited\_DAE_\3DAE_GD_13\Portefolio\EmileS_SpaceGame\x64\Debug\vc110.pdb
C:\C_ImportantStuffUnited\_DAE_\3DAE_GD_13\Portefolio\EmileS_SpaceGame\x64\SpaceGame_debug.pdb
